================================Erreur de script================================
Message :
uninitialized constant NuriYuri::DynamicLight::LIGHTS

Type : NameError
Script : 00001 NewDynamicLights.rb (user)
Ligne : 18
Date : 18/07/2024 13:02:45
Game Version : 256
Logiciel : Pokémon SDK 26.27
===================================Backtraces===================================
[15] : 00001 NewDynamicLights.rb (user) | ligne 18 <module:DynamicLight>
[14] : 00001 NewDynamicLights.rb (user) | ligne 17 <module:NuriYuri>
[13] : 00001 NewDynamicLights.rb (user) | ligne 16 <top (required)>
[12] : ScriptLoad.rb (PSDK) | ligne 92 require
[11] : ScriptLoad.rb (PSDK) | ligne 92 load_scripts
[10] : ScriptLoad.rb (PSDK) | ligne 89 each
[9] : ScriptLoad.rb (PSDK) | ligne 89 load_scripts
[8] : ScriptLoad.rb (PSDK) | ligne 80 load_vscode_scripts
[7] : ScriptLoad.rb (PSDK) | ligne 42 start
[6] : tools/GameLoader/50_load_game_uncompiled.rb (PSDK) | ligne 7 <top (required)>
[5] : ScriptLoad.rb (PSDK) | ligne 196 require
[4] : ScriptLoad.rb (PSDK) | ligne 196 load_tool
[3] : tools/GameLoader/Z_load_uncompiled.rb (PSDK) | ligne 16 <top (required)>
[2] : ScriptLoad.rb (PSDK) | ligne 196 require
[1] : ScriptLoad.rb (PSDK) | ligne 196 load_tool
[0] : Game.rb (RMXP) | ligne 11 <main>
===================================Fin du log===================================